# JRE version: Java(TM) SE Runtime Environment (14.0.1+7) (build 14.0.1+7)
# Java VM: Java HotSpot(TM) 64-Bit Server VM (14.0.1+7, mixed mode, sharing, tiered, compressed oops, parallel gc, windows-amd64)
Heap:
 PSYoungGen      total 11776K, used 10237K [0x00000000eab00000, 0x00000000eba80000, 0x0000000100000000)
  eden space 10240K, 99% used [0x00000000eab00000,0x00000000eb4ff5e8,0x00000000eb500000)
  from space 1536K, 0% used [0x00000000eb880000,0x00000000eb880000,0x00000000eba00000)
  to   space 2560K, 0% used [0x00000000eb500000,0x00000000eb500000,0x00000000eb780000)
 ParOldGen       total 263680K, used 263528K [0x00000000c0000000, 0x00000000eab00000, 0x00000000eab00000)
  object space 263680K, 99% used [0x00000000c0000000,0x00000000d015a160,0x00000000d0180000)
 Metaspace       used 63472K, capacity 66365K, committed 66580K, reserved 1107968K
  class space    used 7700K, capacity 8831K, committed 8832K, reserved 1048576K
GC Heap History (20 events):
Event: 134.771 GC heap after
{Heap after GC invocations=308 (full 157):
 PSYoungGen      total 11776K, used 10237K [0x00000000eab00000, 0x00000000eba80000, 0x0000000100000000)
  eden space 10240K, 99% used [0x00000000eab00000,0x00000000eb4ff448,0x00000000eb500000)
  from space 1536K, 0% used [0x00000000eb880000,0x00000000eb880000,0x00000000eba00000)
  to   space 2560K, 0% used [0x00000000eb500000,0x00000000eb500000,0x00000000eb780000)
 ParOldGen       total 263680K, used 263528K [0x00000000c0000000, 0x00000000d0180000, 0x00000000eab00000)
  object space 263680K, 99% used [0x00000000c0000000,0x00000000d015a160,0x00000000d0180000)
 Metaspace       used 63472K, capacity 66365K, committed 66580K, reserved 1107968K
  class space    used 7700K, capacity 8831K, committed 8832K, reserved 1048576K
}
Event: 134.772 GC heap before
{Heap before GC invocations=309 (full 158):
 PSYoungGen      total 11776K, used 10240K [0x00000000eab00000, 0x00000000eba80000, 0x0000000100000000)
  eden space 10240K, 100% used [0x00000000eab00000,0x00000000eb500000,0x00000000eb500000)
  from space 1536K, 0% used [0x00000000eb880000,0x00000000eb880000,0x00000000eba00000)
  to   space 2560K, 0% used [0x00000000eb500000,0x00000000eb500000,0x00000000eb780000)
 ParOldGen       total 263680K, used 263528K [0x00000000c0000000, 0x00000000d0180000, 0x00000000eab00000)
  object space 263680K, 99% used [0x00000000c0000000,0x00000000d015a160,0x00000000d0180000)
 Metaspace       used 63472K, capacity 66365K, committed 66580K, reserved 1107968K
  class space    used 7700K, capacity 8831K, committed 8832K, reserved 1048576K
}
Event: 134.968 GC heap after
{Heap after GC invocations=309 (full 158):
 PSYoungGen      total 12800K, used 10237K [0x00000000eab00000, 0x00000000eba80000, 0x0000000100000000)
  eden space 10240K, 99% used [0x00000000eab00000,0x00000000eb4ff518,0x00000000eb500000)
  from space 2560K, 0% used [0x00000000eb500000,0x00000000eb500000,0x00000000eb780000)
  to   space 1536K, 0% used [0x00000000eb880000,0x00000000eb880000,0x00000000eba00000)
 ParOldGen       total 263680K, used 263528K [0x00000000c0000000, 0x00000000d0180000, 0x00000000eab00000)
  object space 263680K, 99% used [0x00000000c0000000,0x00000000d015a160,0x00000000d0180000)
 Metaspace       used 63472K, capacity 66365K, committed 66580K, reserved 1107968K
  class space    used 7700K, capacity 8831K, committed 8832K, reserved 1048576K
}
Event: 134.968 GC heap before
{Heap before GC invocations=310 (full 159):
 PSYoungGen      total 12800K, used 10240K [0x00000000eab00000, 0x00000000eba80000, 0x0000000100000000)
  eden space 10240K, 100% used [0x00000000eab00000,0x00000000eb500000,0x00000000eb500000)
  from space 2560K, 0% used [0x00000000eb500000,0x00000000eb500000,0x00000000eb780000)
  to   space 1536K, 0% used [0x00000000eb880000,0x00000000eb880000,0x00000000eba00000)
 ParOldGen       total 263680K, used 263528K [0x00000000c0000000, 0x00000000d0180000, 0x00000000eab00000)
  object space 263680K, 99% used [0x00000000c0000000,0x00000000d015a160,0x00000000d0180000)
 Metaspace       used 63472K, capacity 66365K, committed 66580K, reserved 1107968K
  class space    used 7700K, capacity 8831K, committed 8832K, reserved 1048576K
}
Event: 135.148 GC heap after
{Heap after GC invocations=310 (full 159):
 PSYoungGen      total 11776K, used 10237K [0x00000000eab00000, 0x00000000eba80000, 0x0000000100000000)
  eden space 10240K, 99% used [0x00000000eab00000,0x00000000eb4ff4e8,0x00000000eb500000)
  from space 1536K, 0% used [0x00000000eb880000,0x00000000eb880000,0x00000000eba00000)
  to   space 2560K, 0% used [0x00000000eb500000,0x00000000eb500000,0x00000000eb780000)
 ParOldGen       total 263680K, used 263528K [0x00000000c0000000, 0x00000000d0180000, 0x00000000eab00000)
  object space 263680K, 99% used [0x00000000c0000000,0x00000000d015a160,0x00000000d0180000)
 Metaspace       used 63472K, capacity 66365K, committed 66580K, reserved 1107968K
  class space    used 7700K, capacity 8831K, committed 8832K, reserved 1048576K
}
Event: 135.149 GC heap before
{Heap before GC invocations=311 (full 160):
 PSYoungGen      total 11776K, used 10239K [0x00000000eab00000, 0x00000000eba80000, 0x0000000100000000)
  eden space 10240K, 99% used [0x00000000eab00000,0x00000000eb4ffff8,0x00000000eb500000)
  from space 1536K, 0% used [0x00000000eb880000,0x00000000eb880000,0x00000000eba00000)
  to   space 2560K, 0% used [0x00000000eb500000,0x00000000eb500000,0x00000000eb780000)
 ParOldGen       total 263680K, used 263528K [0x00000000c0000000, 0x00000000d0180000, 0x00000000eab00000)
  object space 263680K, 99% used [0x00000000c0000000,0x00000000d015a160,0x00000000d0180000)
 Metaspace       used 63472K, capacity 66365K, committed 66580K, reserved 1107968K
  class space    used 7700K, capacity 8831K, committed 8832K, reserved 1048576K
}
Event: 135.333 GC heap after
{Heap after GC invocations=311 (full 160):
 PSYoungGen      total 12800K, used 10237K [0x00000000eab00000, 0x00000000eba80000, 0x0000000100000000)
  eden space 10240K, 99% used [0x00000000eab00000,0x00000000eb4ff500,0x00000000eb500000)
  from space 2560K, 0% used [0x00000000eb500000,0x00000000eb500000,0x00000000eb780000)
  to   space 1536K, 0% used [0x00000000eb880000,0x00000000eb880000,0x00000000eba00000)
 ParOldGen       total 263680K, used 263528K [0x00000000c0000000, 0x00000000d0180000, 0x00000000eab00000)
  object space 263680K, 99% used [0x00000000c0000000,0x00000000d015a160,0x00000000d0180000)
 Metaspace       used 63472K, capacity 66365K, committed 66580K, reserved 1107968K
  class space    used 7700K, capacity 8831K, committed 8832K, reserved 1048576K
}
Event: 135.336 GC heap before
{Heap before GC invocations=312 (full 161):
 PSYoungGen      total 12800K, used 10240K [0x00000000eab00000, 0x00000000eba80000, 0x0000000100000000)
  eden space 10240K, 100% used [0x00000000eab00000,0x00000000eb500000,0x00000000eb500000)
  from space 2560K, 0% used [0x00000000eb500000,0x00000000eb500000,0x00000000eb780000)
  to   space 1536K, 0% used [0x00000000eb880000,0x00000000eb880000,0x00000000eba00000)
 ParOldGen       total 263680K, used 263528K [0x00000000c0000000, 0x00000000d0180000, 0x00000000eab00000)
  object space 263680K, 99% used [0x00000000c0000000,0x00000000d015a160,0x00000000d0180000)
 Metaspace       used 63472K, capacity 66365K, committed 66580K, reserved 1107968K
  class space    used 7700K, capacity 8831K, committed 8832K, reserved 1048576K
}
Event: 135.516 GC heap after
{Heap after GC invocations=312 (full 161):
 PSYoungGen      total 11776K, used 10237K [0x00000000eab00000, 0x00000000eba80000, 0x0000000100000000)
  eden space 10240K, 99% used [0x00000000eab00000,0x00000000eb4ff508,0x00000000eb500000)
  from space 1536K, 0% used [0x00000000eb880000,0x00000000eb880000,0x00000000eba00000)
  to   space 2560K, 0% used [0x00000000eb500000,0x00000000eb500000,0x00000000eb780000)
 ParOldGen       total 263680K, used 263528K [0x00000000c0000000, 0x00000000d0180000, 0x00000000eab00000)
  object space 263680K, 99% used [0x00000000c0000000,0x00000000d015a160,0x00000000d0180000)
 Metaspace       used 63472K, capacity 66365K, committed 66580K, reserved 1107968K
  class space    used 7700K, capacity 8831K, committed 8832K, reserved 1048576K
}
Event: 135.525 GC heap before
{Heap before GC invocations=313 (full 162):
 PSYoungGen      total 11776K, used 10239K [0x00000000eab00000, 0x00000000eba80000, 0x0000000100000000)
  eden space 10240K, 99% used [0x00000000eab00000,0x00000000eb4ffff8,0x00000000eb500000)
  from space 1536K, 0% used [0x00000000eb880000,0x00000000eb880000,0x00000000eba00000)
  to   space 2560K, 0% used [0x00000000eb500000,0x00000000eb500000,0x00000000eb780000)
 ParOldGen       total 263680K, used 263528K [0x00000000c0000000, 0x00000000d0180000, 0x00000000eab00000)
  object space 263680K, 99% used [0x00000000c0000000,0x00000000d015a160,0x00000000d0180000)
 Metaspace       used 63472K, capacity 66365K, committed 66580K, reserved 1107968K
  class space    used 7700K, capacity 8831K, committed 8832K, reserved 1048576K
}
Event: 135.710 GC heap after
{Heap after GC invocations=313 (full 162):
 PSYoungGen      total 12800K, used 10237K [0x00000000eab00000, 0x00000000eba80000, 0x0000000100000000)
  eden space 10240K, 99% used [0x00000000eab00000,0x00000000eb4ff588,0x00000000eb500000)
  from space 2560K, 0% used [0x00000000eb500000,0x00000000eb500000,0x00000000eb780000)
  to   space 1536K, 0% used [0x00000000eb880000,0x00000000eb880000,0x00000000eba00000)
 ParOldGen       total 263680K, used 263528K [0x00000000c0000000, 0x00000000d0180000, 0x00000000eab00000)
  object space 263680K, 99% used [0x00000000c0000000,0x00000000d015a160,0x00000000d0180000)
 Metaspace       used 63472K, capacity 66365K, committed 66580K, reserved 1107968K
  class space    used 7700K, capacity 8831K, committed 8832K, reserved 1048576K
}
Event: 135.710 GC heap before
{Heap before GC invocations=314 (full 163):
 PSYoungGen      total 12800K, used 10240K [0x00000000eab00000, 0x00000000eba80000, 0x0000000100000000)
  eden space 10240K, 100% used [0x00000000eab00000,0x00000000eb500000,0x00000000eb500000)
  from space 2560K, 0% used [0x00000000eb500000,0x00000000eb500000,0x00000000eb780000)
  to   space 1536K, 0% used [0x00000000eb880000,0x00000000eb880000,0x00000000eba00000)
 ParOldGen       total 263680K, used 263528K [0x00000000c0000000, 0x00000000d0180000, 0x00000000eab00000)
  object space 263680K, 99% used [0x00000000c0000000,0x00000000d015a160,0x00000000d0180000)
 Metaspace       used 63472K, capacity 66365K, committed 66580K, reserved 1107968K
  class space    used 7700K, capacity 8831K, committed 8832K, reserved 1048576K
}
Event: 135.885 GC heap after
{Heap after GC invocations=314 (full 163):
 PSYoungGen      total 11776K, used 10237K [0x00000000eab00000, 0x00000000eba80000, 0x0000000100000000)
  eden space 10240K, 99% used [0x00000000eab00000,0x00000000eb4ff588,0x00000000eb500000)
  from space 1536K, 0% used [0x00000000eb880000,0x00000000eb880000,0x00000000eba00000)
  to   space 2560K, 0% used [0x00000000eb500000,0x00000000eb500000,0x00000000eb780000)
 ParOldGen       total 263680K, used 263528K [0x00000000c0000000, 0x00000000d0180000, 0x00000000eab00000)
  object space 263680K, 99% used [0x00000000c0000000,0x00000000d015a160,0x00000000d0180000)
 Metaspace       used 63472K, capacity 66365K, committed 66580K, reserved 1107968K
  class space    used 7700K, capacity 8831K, committed 8832K, reserved 1048576K
}
Event: 135.886 GC heap before
{Heap before GC invocations=315 (full 164):
 PSYoungGen      total 11776K, used 10240K [0x00000000eab00000, 0x00000000eba80000, 0x0000000100000000)
  eden space 10240K, 100% used [0x00000000eab00000,0x00000000eb500000,0x00000000eb500000)
  from space 1536K, 0% used [0x00000000eb880000,0x00000000eb880000,0x00000000eba00000)
  to   space 2560K, 0% used [0x00000000eb500000,0x00000000eb500000,0x00000000eb780000)
 ParOldGen       total 263680K, used 263528K [0x00000000c0000000, 0x00000000d0180000, 0x00000000eab00000)
  object space 263680K, 99% used [0x00000000c0000000,0x00000000d015a160,0x00000000d0180000)
 Metaspace       used 63472K, capacity 66365K, committed 66580K, reserved 1107968K
  class space    used 7700K, capacity 8831K, committed 8832K, reserved 1048576K
}
Event: 136.061 GC heap after
{Heap after GC invocations=315 (full 164):
 PSYoungGen      total 12800K, used 10237K [0x00000000eab00000, 0x00000000eba80000, 0x0000000100000000)
  eden space 10240K, 99% used [0x00000000eab00000,0x00000000eb4ff5a8,0x00000000eb500000)
  from space 2560K, 0% used [0x00000000eb500000,0x00000000eb500000,0x00000000eb780000)
  to   space 1536K, 0% used [0x00000000eb880000,0x00000000eb880000,0x00000000eba00000)
 ParOldGen       total 263680K, used 263528K [0x00000000c0000000, 0x00000000d0180000, 0x00000000eab00000)
  object space 263680K, 99% used [0x00000000c0000000,0x00000000d015a160,0x00000000d0180000)
 Metaspace       used 63472K, capacity 66365K, committed 66580K, reserved 1107968K
  class space    used 7700K, capacity 8831K, committed 8832K, reserved 1048576K
}
Event: 136.062 GC heap before
{Heap before GC invocations=316 (full 165):
 PSYoungGen      total 12800K, used 10240K [0x00000000eab00000, 0x00000000eba80000, 0x0000000100000000)
  eden space 10240K, 100% used [0x00000000eab00000,0x00000000eb500000,0x00000000eb500000)
  from space 2560K, 0% used [0x00000000eb500000,0x00000000eb500000,0x00000000eb780000)
  to   space 1536K, 0% used [0x00000000eb880000,0x00000000eb880000,0x00000000eba00000)
 ParOldGen       total 263680K, used 263528K [0x00000000c0000000, 0x00000000d0180000, 0x00000000eab00000)
  object space 263680K, 99% used [0x00000000c0000000,0x00000000d015a160,0x00000000d0180000)
 Metaspace       used 63472K, capacity 66365K, committed 66580K, reserved 1107968K
  class space    used 7700K, capacity 8831K, committed 8832K, reserved 1048576K
}
Event: 136.238 GC heap after
{Heap after GC invocations=316 (full 165):
 PSYoungGen      total 11776K, used 10237K [0x00000000eab00000, 0x00000000eba80000, 0x0000000100000000)
  eden space 10240K, 99% used [0x00000000eab00000,0x00000000eb4ff5c0,0x00000000eb500000)
  from space 1536K, 0% used [0x00000000eb880000,0x00000000eb880000,0x00000000eba00000)
  to   space 2560K, 0% used [0x00000000eb500000,0x00000000eb500000,0x00000000eb780000)
 ParOldGen       total 263680K, used 263528K [0x00000000c0000000, 0x00000000d0180000, 0x00000000eab00000)
  object space 263680K, 99% used [0x00000000c0000000,0x00000000d015a160,0x00000000d0180000)
 Metaspace       used 63472K, capacity 66365K, committed 66580K, reserved 1107968K
  class space    used 7700K, capacity 8831K, committed 8832K, reserved 1048576K
}
Event: 136.238 GC heap before
{Heap before GC invocations=317 (full 166):
 PSYoungGen      total 11776K, used 10240K [0x00000000eab00000, 0x00000000eba80000, 0x0000000100000000)
  eden space 10240K, 100% used [0x00000000eab00000,0x00000000eb500000,0x00000000eb500000)
  from space 1536K, 0% used [0x00000000eb880000,0x00000000eb880000,0x00000000eba00000)
  to   space 2560K, 0% used [0x00000000eb500000,0x00000000eb500000,0x00000000eb780000)
 ParOldGen       total 263680K, used 263528K [0x00000000c0000000, 0x00000000d0180000, 0x00000000eab00000)
  object space 263680K, 99% used [0x00000000c0000000,0x00000000d015a160,0x00000000d0180000)
 Metaspace       used 63472K, capacity 66365K, committed 66580K, reserved 1107968K
  class space    used 7700K, capacity 8831K, committed 8832K, reserved 1048576K
}
Event: 136.416 GC heap after
{Heap after GC invocations=317 (full 166):
 PSYoungGen      total 12800K, used 10237K [0x00000000eab00000, 0x00000000eba80000, 0x0000000100000000)
  eden space 10240K, 99% used [0x00000000eab00000,0x00000000eb4ff5d0,0x00000000eb500000)
  from space 2560K, 0% used [0x00000000eb500000,0x00000000eb500000,0x00000000eb780000)
  to   space 1536K, 0% used [0x00000000eb880000,0x00000000eb880000,0x00000000eba00000)
 ParOldGen       total 263680K, used 263528K [0x00000000c0000000, 0x00000000d0180000, 0x00000000eab00000)
  object space 263680K, 99% used [0x00000000c0000000,0x00000000d015a160,0x00000000d0180000)
 Metaspace       used 63472K, capacity 66365K, committed 66580K, reserved 1107968K
  class space    used 7700K, capacity 8831K, committed 8832K, reserved 1048576K
}
Event: 136.417 GC heap before
{Heap before GC invocations=318 (full 167):
 PSYoungGen      total 12800K, used 10240K [0x00000000eab00000, 0x00000000eba80000, 0x0000000100000000)
  eden space 10240K, 100% used [0x00000000eab00000,0x00000000eb500000,0x00000000eb500000)
  from space 2560K, 0% used [0x00000000eb500000,0x00000000eb500000,0x00000000eb780000)
  to   space 1536K, 0% used [0x00000000eb880000,0x00000000eb880000,0x00000000eba00000)
 ParOldGen       total 263680K, used 263528K [0x00000000c0000000, 0x00000000d0180000, 0x00000000eab00000)
  object space 263680K, 99% used [0x00000000c0000000,0x00000000d015a160,0x00000000d0180000)
 Metaspace       used 63472K, capacity 66365K, committed 66580K, reserved 1107968K
  class space    used 7700K, capacity 8831K, committed 8832K, reserved 1048576K
}

